-------------------------------------------------------------------------------
Test set: TestSuite
-------------------------------------------------------------------------------
Tests run: 3, Failures: 1, Errors: 0, Skipped: 0, Time elapsed: 33.088 s <<< FAILURE! - in TestSuite
SqProductList(test.SqProductList)  Time elapsed: 21.845 s  <<< FAILURE!
java.lang.AssertionError: 检查点不通过 expected [true] but found [false]
	at test.SqProductList.SqProductList(SqProductList.java:43)

