<?xml version="1.0" encoding="UTF-8"?>
<testsuite xmlns:xsi="http://www.w3.org/2001/XMLSchema-instance" xsi:noNamespaceSchemaLocation="https://maven.apache.org/surefire/maven-surefire-plugin/xsd/surefire-test-report.xsd" name="TestSuite" time="33.088" tests="3" errors="0" skipped="0" failures="1">
  <properties>
[...]
</properties>
  <testcase name="testLoginFail" classname="test.LoginFailTest" time="4.255"/>
  <testcase name="testLogin" classname="test.LoginTest" time="5.34"/>
  <testcase name="SqProductList" classname="test.SqProductList" time="21.845">
    <failure message="检查点不通过 expected [true] but found [false]" type="java.lang.AssertionError">java.lang.AssertionError: 检查点不通过 expected [true] but found [false]
	at test.SqProductList.SqProductList(SqProductList.java:43)
</failure>
    <system-out><![CDATA[[INFO ] 2020-08-07 16:57:26,360 method:util.TestMonitor.onFinish(TestMonitor.java:17)
Test loginFail Ends
[INFO ] 2020-08-07 16:57:26,513 method:util.TestMonitor.onFinish(TestMonitor.java:18)
---------------------------------------------------------
[INFO ] 2020-08-07 16:57:26,632 method:util.TestMonitor.onFinish(TestMonitor.java:17)
Test login Ends
[INFO ] 2020-08-07 16:57:26,633 method:util.TestMonitor.onFinish(TestMonitor.java:18)
---------------------------------------------------------
点击了==/html/body/app-root/app-routes/app-authorized/app-index/nz-layout/app-side-nav/div/div[1]/div[1]/ul/li[1]/a/span
//*[@id="body"]/nz-spin/div/app-product-management/div/div[1]/app-product-search-bar/div/div[1]/nz-input-group/input:输入内容==ZW
点击了==//*[@id="body"]/nz-spin/div/app-product-management/div/div[1]/app-product-search-bar/div/div[2]/button[1]
点击了==//*[@id="body"]/nz-spin/div/app-product-management/div/div[2]/app-product-list/nz-spin/div/div/div/nz-table/nz-spin/div/div/div/div/table/tbody/tr[1]/td[7]/a[2]
点击了==//*[@id="body"]/nz-spin/div/app-picture-list/div/div/div[2]/div[1]/nz-select[2]/div
//*[@id="cdk-overlay-11"]/div/div/ul/li[2]==元素不存在
操作失败
前置条件失败
------------检查点失败--------
/Users/vic/work/WORK/Work/Py_script/sh_selenium_java_master/test-output/chrome_96dc0d54-c5db-4efb-a33a-a49faa67de1f.png
------------onTestFailure--------
[INFO ] 2020-08-07 16:57:42,838 method:util.TestMonitor.onTestFailure(TestMonitor.java:34)
Test run has failed
[ERROR] 2020-08-07 16:57:42,838 method:util.TestMonitor.onTestFailure(TestMonitor.java:35)
检查点不通过 expected [true] but found [false]
[ERROR] 2020-08-07 16:57:42,839 method:util.TestMonitor.onTestFailure(TestMonitor.java:40)
java.lang.AssertionError: 检查点不通过 expected [true] but found [false]
	at org.testng.Assert.fail(Assert.java:93)
	at org.testng.Assert.failNotEquals(Assert.java:512)
	at org.testng.Assert.assertTrue(Assert.java:41)
	at test.SqProductList.SqProductList(SqProductList.java:43)
	at sun.reflect.NativeMethodAccessorImpl.invoke0(Native Method)
	at sun.reflect.NativeMethodAccessorImpl.invoke(NativeMethodAccessorImpl.java:62)
	at sun.reflect.DelegatingMethodAccessorImpl.invoke(DelegatingMethodAccessorImpl.java:43)
	at java.lang.reflect.Method.invoke(Method.java:498)
	at org.testng.internal.MethodInvocationHelper.invokeMethod(MethodInvocationHelper.java:108)
	at org.testng.internal.Invoker.invokeMethod(Invoker.java:661)
	at org.testng.internal.Invoker.invokeTestMethod(Invoker.java:869)
	at org.testng.internal.Invoker.invokeTestMethods(Invoker.java:1193)
	at org.testng.internal.TestMethodWorker.invokeTestMethods(TestMethodWorker.java:126)
	at org.testng.internal.TestMethodWorker.run(TestMethodWorker.java:109)
	at org.testng.TestRunner.privateRun(TestRunner.java:744)
	at org.testng.TestRunner.run(TestRunner.java:602)
	at org.testng.SuiteRunner.runTest(SuiteRunner.java:380)
	at org.testng.SuiteRunner.access$000(SuiteRunner.java:39)
	at org.testng.SuiteRunner$SuiteWorker.run(SuiteRunner.java:414)
	at org.testng.internal.thread.ThreadUtil$1.call(ThreadUtil.java:52)
	at java.util.concurrent.FutureTask.run(FutureTask.java:266)
	at java.util.concurrent.ThreadPoolExecutor.runWorker(ThreadPoolExecutor.java:1149)
	at java.util.concurrent.ThreadPoolExecutor$Worker.run(ThreadPoolExecutor.java:624)
	at java.lang.Thread.run(Thread.java:748)
]]></system-out>
  </testcase>
</testsuite>